<?xml version="1.0" encoding="UTF-8"?>
<testsuite xmlns:xsi="http://www.w3.org/2001/XMLSchema-instance" xsi:noNamespaceSchemaLocation="https://maven.apache.org/surefire/maven-surefire-plugin/xsd/surefire-test-report-3.0.xsd" version="3.0" name="com.ejemplo.CalculadoraNotasTest" time="0.101" tests="4" errors="0" skipped="0" failures="0">
  <properties>
[...]
</properties>
  <testcase name="testMediaDecimal" classname="com.ejemplo.CalculadoraNotasTest" time="0.053"/>
  <testcase name="testMediaSimple" classname="com.ejemplo.CalculadoraNotasTest" time="0.001"/>
  <testcase name="testListaVacia" classname="com.ejemplo.CalculadoraNotasTest" time="0.002"/>
  <testcase name="testNotaFueraDeRango" classname="com.ejemplo.CalculadoraNotasTest" time="0.001"/>
</testsuite>